Using pre-set license
Built from '2020.3/china_unity/release' branch; Version is '2020.3.13f1c1 (93b9df9a3ddc) revision 9681375'; Using compiler version '192528614'; Build Type 'Release'
OS: 'Windows 10 Home China; OS build 19043.1348; Version 2009; 64bit' Language: 'zh' Physical Memory: 16122 MB
BatchMode: 1, IsHumanControllingUs: 0, StartBugReporterOnCrash: 0, Is64bit: 1, IsPro: 0

 COMMAND LINE ARGUMENTS:
D:\unity2020\Unity\Editor\Unity.exe
-adb2
-batchMode
-noUpm
-name
AssetImportWorker0
-projectPath
E:/GameTest/SLG_Demo
-logFile
Logs/AssetImportWorker0.log
-srvPort
12842
Successfully changed project path to: E:/GameTest/SLG_Demo
E:/GameTest/SLG_Demo
Using Asset Import Pipeline V2.
Refreshing native plugins compatible for Editor in 21.55 ms, found 2 plugins.
Preloading 0 native plugins for Editor in 0.00 ms.
Initialize engine version: 2020.3.13f1c1 (93b9df9a3ddc)
[Subsystems] Discovering subsystems at path D:/unity2020/Unity/Editor/Data/Resources/UnitySubsystems
[Subsystems] Discovering subsystems at path E:/GameTest/SLG_Demo/Assets
GfxDevice: creating device client; threaded=0
Direct3D:
    Version:  Direct3D 11.0 [level 11.1]
    Renderer: NVIDIA GeForce RTX 3060 Laptop GPU (ID=0x2520)
    Vendor:   
    VRAM:     6023 MB
    Driver:   30.0.14.9649
Initialize mono
Mono path[0] = 'D:/unity2020/Unity/Editor/Data/Managed'
Mono path[1] = 'D:/unity2020/Unity/Editor/Data/MonoBleedingEdge/lib/mono/unityjit'
Mono config path = 'D:/unity2020/Unity/Editor/Data/MonoBleedingEdge/etc'
Using monoOptions --debugger-agent=transport=dt_socket,embedding=1,server=y,suspend=n,address=127.0.0.1:56396
Begin MonoManager ReloadAssembly
Registering precompiled unity dll's ...
Register platform support module: D:/unity2020/Unity/Editor/Data/PlaybackEngines/WindowsStandaloneSupport/UnityEditor.WindowsStandalone.Extensions.dll
Registered in 0.000729 seconds.
Native extension for WindowsStandalone target not found
Refreshing native plugins compatible for Editor in 20.83 ms, found 2 plugins.
Preloading 0 native plugins for Editor in 0.00 ms.
Mono: successfully reloaded assembly
- Completed reload, in  0.478 seconds
Platform modules already initialized, skipping
Registering precompiled user dll's ...
Registered in 0.002120 seconds.
Begin MonoManager ReloadAssembly
Native extension for WindowsStandalone target not found
Refreshing native plugins compatible for Editor in 0.28 ms, found 2 plugins.
Preloading 0 native plugins for Editor in 0.00 ms.
Mono: successfully reloaded assembly
- Completed reload, in  0.665 seconds
Platform modules already initialized, skipping
========================================================================
Worker process is ready to serve import requests
Launched and connected shader compiler UnityShaderCompiler.exe after 0.04 seconds
Refreshing native plugins compatible for Editor in 0.34 ms, found 2 plugins.
Preloading 0 native plugins for Editor in 0.00 ms.
Unloading 1390 Unused Serialized files (Serialized files now loaded: 0)
System memory in use before: 64.7 MB.
System memory in use after: 64.8 MB.

Unloading 18 unused Assets to reduce memory usage. Loaded Objects now: 1824.
Total: 2.035700 ms (FindLiveObjects: 0.115600 ms CreateObjectMapping: 0.023300 ms MarkObjects: 1.828700 ms  DeleteObjects: 0.067000 ms)

AssetImportParameters requested are different than current active one (requested -> active):
  custom:framework-win-MediaFoundation: 216162199b28c13a410421893ffa2e32 -> 
  custom:video-decoder-ogg-theora: a1e56fd34408186e4bbccfd4996cb3dc -> 
  custom:container-muxer-webm: aa71ff27fc2769a1b78a27578f13a17b -> 
  custom:container-demuxer-webm: 4f35f7cbe854078d1ac9338744f61a02 -> 
  custom:container-demuxer-ogg: 62fdf1f143b41e24485cea50d1cbac27 -> 
  custom:video-encoder-webm-vp8: eb34c28f22e8b96e1ab97ce403110664 -> 
  custom:video-codec-MediaFoundation-h265: 746d11721c4dcdbdad8f713fa42b33f4 -> 
  custom:video-decoder-webm-vp8: 9c59270c3fd7afecdb556c50c9e8de78 -> 
  custom:audio-decoder-ogg-vorbis: bf7c407c2cedff20999df2af8eb42d56 -> 
  custom:audio-encoder-webm-vorbis: bf7c407c2cedff20999df2af8eb42d56 -> 
========================================================================
Received Import Request.
  path: Assets
  artifactKey: Guid(00000000000000001000000000000000) Importer(815301076,1909f56bfc062723c751e8b465ee728b)
Start importing Assets using Guid(00000000000000001000000000000000) Importer(815301076,1909f56bfc062723c751e8b465ee728b)  -> (artifact id: '42d402b061de3733987d63b9cc3b64de') in 0.003150 seconds 
  Import took 0.004989 seconds .

========================================================================
Received Import Request.
  Time since last request: 112.773697 seconds.
  path: Assets/Script
  artifactKey: Guid(cd4d22aa69e1e7e4c8feffb4f8c4e99b) Importer(815301076,1909f56bfc062723c751e8b465ee728b)
Start importing Assets/Script using Guid(cd4d22aa69e1e7e4c8feffb4f8c4e99b) Importer(815301076,1909f56bfc062723c751e8b465ee728b)  -> (artifact id: 'fab7637fe8d4403f15b9761b4e973fca') in 0.001355 seconds 
  Import took 0.003175 seconds .

========================================================================
Received Import Request.
  Time since last request: 26.552965 seconds.
  path: Assets/Resourses
  artifactKey: Guid(6ed88f3a7cfaabc4ea82d0380dfb512d) Importer(815301076,1909f56bfc062723c751e8b465ee728b)
Start importing Assets/Resourses using Guid(6ed88f3a7cfaabc4ea82d0380dfb512d) Importer(815301076,1909f56bfc062723c751e8b465ee728b)  -> (artifact id: 'ea091dade929830829c0e7690e8077d7') in 0.001369 seconds 
  Import took 0.003268 seconds .

========================================================================
Received Import Request.
  Time since last request: 7.060956 seconds.
  path: Assets/Scenes
  artifactKey: Guid(5895898dbc37ac848a30121af9d119e3) Importer(815301076,1909f56bfc062723c751e8b465ee728b)
Start importing Assets/Scenes using Guid(5895898dbc37ac848a30121af9d119e3) Importer(815301076,1909f56bfc062723c751e8b465ee728b)  -> (artifact id: '0de19464c8cc749b7a46aa2ef52c0fca') in 0.001300 seconds 
  Import took 0.003130 seconds .

========================================================================
Received Import Request.
  Time since last request: 0.830485 seconds.
  path: Assets/Scenes/SampleScene.unity
  artifactKey: Guid(9fc0d4010bbf28b4594072e72b8655ab) Importer(815301076,1909f56bfc062723c751e8b465ee728b)
Start importing Assets/Scenes/SampleScene.unity using Guid(9fc0d4010bbf28b4594072e72b8655ab) Importer(815301076,1909f56bfc062723c751e8b465ee728b)  -> (artifact id: '85059f4f9e1a832ed95adaa0d25c5c4c') in 0.007588 seconds 
  Import took 0.009607 seconds .

========================================================================
Received Import Request.
  Time since last request: 18.619415 seconds.
  path: Assets/Script/test_script
  artifactKey: Guid(82c7416f95eb7e34280f8d7a2300bfe8) Importer(815301076,1909f56bfc062723c751e8b465ee728b)
Start importing Assets/Script/test_script using Guid(82c7416f95eb7e34280f8d7a2300bfe8) Importer(815301076,1909f56bfc062723c751e8b465ee728b)  -> (artifact id: '7b00392f160095466d5feafeafdb175c') in 0.001334 seconds 
  Import took 0.003186 seconds .

========================================================================
Received Import Request.
  Time since last request: 238.504928 seconds.
  path: Assets/Resourses/temp_image
  artifactKey: Guid(66b08c95838a65849832f04afd148993) Importer(815301076,1909f56bfc062723c751e8b465ee728b)
Start importing Assets/Resourses/temp_image using Guid(66b08c95838a65849832f04afd148993) Importer(815301076,1909f56bfc062723c751e8b465ee728b)  -> (artifact id: 'fa0655772331fb5e2491ac2f683a69f7') in 0.001411 seconds 
  Import took 0.003767 seconds .

========================================================================
Received Import Request.
  Time since last request: 41.028393 seconds.
  path: Assets/Resourses/temp_image/characters
  artifactKey: Guid(e4bb14eef31c07841a0e8d2622e399d7) Importer(815301076,1909f56bfc062723c751e8b465ee728b)
Start importing Assets/Resourses/temp_image/characters using Guid(e4bb14eef31c07841a0e8d2622e399d7) Importer(815301076,1909f56bfc062723c751e8b465ee728b)  -> (artifact id: '11e7359e7a121690c74d41efefd6782d') in 0.001495 seconds 
  Import took 0.003364 seconds .

========================================================================
Received Import Request.
  Time since last request: 42.337275 seconds.
  path: Assets/Resourses/temp_image/characters/bf1000.png
  artifactKey: Guid(5d733086d0b566d4fa9b4e8fd62e3ba4) Importer(815301076,1909f56bfc062723c751e8b465ee728b)
Start importing Assets/Resourses/temp_image/characters/bf1000.png using Guid(5d733086d0b566d4fa9b4e8fd62e3ba4) Importer(815301076,1909f56bfc062723c751e8b465ee728b)  -> (artifact id: 'b8a7725b8faccfa4fdc6386fdec4e4d5') in 0.068742 seconds 
  Import took 0.070863 seconds .

========================================================================
Received Import Request.
  Time since last request: 37.188390 seconds.
  path: Assets/Resourses/temp_image/characters/bf1010.png
  artifactKey: Guid(3f03b4c454fbb8f429a0827143592dd6) Importer(815301076,1909f56bfc062723c751e8b465ee728b)
Start importing Assets/Resourses/temp_image/characters/bf1010.png using Guid(3f03b4c454fbb8f429a0827143592dd6) Importer(815301076,1909f56bfc062723c751e8b465ee728b)  -> (artifact id: '3701b6492d41ea8d23b84373cab9eae7') in 0.005613 seconds 
  Import took 0.007522 seconds .

========================================================================
Received Import Request.
  Time since last request: 5.866142 seconds.
  path: Assets/Resourses/temp_image/characters/bf1000.png
  artifactKey: Guid(5d733086d0b566d4fa9b4e8fd62e3ba4) Importer(815301076,1909f56bfc062723c751e8b465ee728b)
Start importing Assets/Resourses/temp_image/characters/bf1000.png using Guid(5d733086d0b566d4fa9b4e8fd62e3ba4) Importer(815301076,1909f56bfc062723c751e8b465ee728b)  -> (artifact id: 'dd3b6e8d966d2dd032efd00e6c5c1ad9') in 0.036803 seconds 
  Import took 0.038917 seconds .

AssetImportWorkerClient::OnTransportError - code=2 error=End of file
